  main.cpp
D:\cods\2 курс\С++\ТП_22_ИСТ_1_Кандрушин_Максим_Алексеевич_КР\main.cpp(39,39): warning C4305: аргумент: усечение из "__int64" в "unsigned int"
D:\cods\2 курс\С++\ТП_22_ИСТ_1_Кандрушин_Максим_Алексеевич_КР\main.cpp(39,55): warning C4309: аргумент: усечение константного значения
D:\cods\2 курс\С++\ТП_22_ИСТ_1_Кандрушин_Максим_Алексеевич_КР\main.cpp(50,90): warning C4244: аргумент: преобразование "T" в "T", возможна потеря данных
          with
          [
              T=int
          ]
          and
          [
              T=float
          ]
D:\cods\2 курс\С++\ТП_22_ИСТ_1_Кандрушин_Максим_Алексеевич_КР\main.cpp(50,78): warning C4244: аргумент: преобразование "T" в "T", возможна потеря данных
          with
          [
              T=int
          ]
          and
          [
              T=float
          ]
D:\cods\2 курс\С++\ТП_22_ИСТ_1_Кандрушин_Максим_Алексеевич_КР\main.cpp(66,79): warning C4244: аргумент: преобразование "T" в "T", возможна потеря данных
          with
          [
              T=int
          ]
          and
          [
              T=float
          ]
D:\cods\2 курс\С++\ТП_22_ИСТ_1_Кандрушин_Максим_Алексеевич_КР\main.cpp(66,67): warning C4244: аргумент: преобразование "T" в "T", возможна потеря данных
          with
          [
              T=int
          ]
          and
          [
              T=float
          ]
D:\cods\2 курс\С++\ТП_22_ИСТ_1_Кандрушин_Максим_Алексеевич_КР\main.cpp(84,95): warning C4244: аргумент: преобразование "T" в "T", возможна потеря данных
          with
          [
              T=int
          ]
          and
          [
              T=float
          ]
D:\cods\2 курс\С++\ТП_22_ИСТ_1_Кандрушин_Максим_Алексеевич_КР\main.cpp(84,83): warning C4244: аргумент: преобразование "T" в "T", возможна потеря данных
          with
          [
              T=int
          ]
          and
          [
              T=float
          ]
D:\cods\2 курс\С++\ТП_22_ИСТ_1_Кандрушин_Максим_Алексеевич_КР\main.cpp(100,94): warning C4244: аргумент: преобразование "T" в "T", возможна потеря данных
          with
          [
              T=int
          ]
          and
          [
              T=float
          ]
D:\cods\2 курс\С++\ТП_22_ИСТ_1_Кандрушин_Максим_Алексеевич_КР\main.cpp(100,82): warning C4244: аргумент: преобразование "T" в "T", возможна потеря данных
          with
          [
              T=int
          ]
          and
          [
              T=float
          ]
D:\cods\2 курс\С++\ТП_22_ИСТ_1_Кандрушин_Максим_Алексеевич_КР\Vector.h(64,1): warning C4267: =: преобразование из "size_t" в "int"; возможна потеря данных
D:\cods\2 курс\С++\ТП_22_ИСТ_1_Кандрушин_Максим_Алексеевич_КР\Vector.h(63): message : во время компиляции функции-члена класс шаблон "Vector<Vector<int>>::Vector(std::initializer_list<_T>)"
          with
          [
              _T=Vector<int>
          ]
D:\cods\2 курс\С++\ТП_22_ИСТ_1_Кандрушин_Максим_Алексеевич_КР\FuncForEvalution.h(61): message : выполняется компиляция ссылки на экземпляр шаблон функции "Vector<Vector<int>>::Vector(std::initializer_list<_T>)"
          with
          [
              _T=Vector<int>
          ]
D:\cods\2 курс\С++\ТП_22_ИСТ_1_Кандрушин_Максим_Алексеевич_КР\FuncForEvalution.h(61): message : выполняется компиляция ссылки на экземпляр класс шаблон функции "Vector<Vector<int>>"
  ТП_22_ИСТ_1_Кандрушин_Максим_Алексеевич_КР.vcxproj -> D:\cods\2 курс\С++\ТП_22_ИСТ_1_Кандрушин_Максим_Алексеевич_КР\x64\Debug\ТП_22_ИСТ_1_Кандрушин_Максим_Алексеевич_КР.exe
